<?xml version="1.0" encoding="UTF-8"?>
<testng-results ignored="0" total="1" passed="1" failed="0" skipped="0">
  <reporter-output>
  </reporter-output>
  <suite started-at="2019-04-26T09:41:39Z" name="Default suite" finished-at="2019-04-26T09:42:00Z" duration-ms="21083">
    <groups>
    </groups>
    <test started-at="2019-04-26T09:41:39Z" name="Default test" finished-at="2019-04-26T09:42:00Z" duration-ms="21083">
      <class name="fiato.testing.Facebook">
        <test-method is-config="true" signature="before()[pri:0, instance:fiato.testing.Facebook@1b73be9f]" started-at="2019-04-26T09:41:39Z" name="before" finished-at="2019-04-26T09:41:49Z" duration-ms="9844" status="PASS">
          <reporter-output>
          </reporter-output>
        </test-method> <!-- before -->
        <test-method signature="login()[pri:0, instance:fiato.testing.Facebook@1b73be9f]" started-at="2019-04-26T09:41:49Z" name="login" finished-at="2019-04-26T09:42:00Z" duration-ms="11016" status="PASS">
          <reporter-output>
          </reporter-output>
        </test-method> <!-- login -->
        <test-method is-config="true" signature="after()[pri:0, instance:fiato.testing.Facebook@1b73be9f]" started-at="2019-04-26T09:42:00Z" name="after" finished-at="2019-04-26T09:42:00Z" duration-ms="194" status="PASS">
          <reporter-output>
          </reporter-output>
        </test-method> <!-- after -->
      </class> <!-- fiato.testing.Facebook -->
    </test> <!-- Default test -->
  </suite> <!-- Default suite -->
</testng-results>
