<?xml version="1.0" encoding="UTF-8"?>
<!-- Generated by org.testng.reporters.JUnitXMLReporter -->
<testsuite ignored="0" hostname="DESKTOP-J9I1I74" failures="1" tests="1" name="aclickLogin" time="78.046" errors="0" timestamp="22 Apr. 2019 11:01:53 GMT">
  <testcase classname="fiato.testing.AppTest" name="aclickLogin" time="69.017">
    <failure type="org.openqa.selenium.TimeoutException" message="Expected condition failed: waiting for visibility of element located by By.AccessibilityId: Password (tried for 20 second(s) with 1000 milliseconds interval)">
      <![CDATA[org.openqa.selenium.TimeoutException: Expected condition failed: waiting for visibility of element located by By.AccessibilityId: Password (tried for 20 second(s) with 1000 milliseconds interval)
at org.openqa.selenium.support.ui.FluentWait.timeoutException(FluentWait.java:304)
at org.openqa.selenium.support.ui.FluentWait.until(FluentWait.java:272)
at fiato.testing.AppTest.SleepUntil(AppTest.java:121)
at fiato.testing.AppTest.aclickLogin(AppTest.java:57)
Caused by: org.openqa.selenium.NoSuchElementException: An element could not be located on the page using the given search parameters.
For documentation on this error, please visit: https://www.seleniumhq.org/exceptions/no_such_element.html
Build info: version: '3.141.59', revision: 'e82be7d358', time: '2018-11-14T08:17:03'
System info: host: 'DESKTOP-J9I1I74', ip: '192.168.13.2', os.name: 'Windows 10', os.arch: 'amd64', os.version: '10.0', java.version: '12.0.1'
Driver info: io.appium.java_client.android.AndroidDriver
Capabilities {appActivity: com.facebook.katana.LoginAc..., appPackage: com.facebook.katana, automationName: UiAutomator2, databaseEnabled: false, desired: {appActivity: com.facebook.katana.LoginAc..., appPackage: com.facebook.katana, automationName: UiAutomator2, deviceName: Geny, platformName: android}, deviceApiLevel: 26, deviceManufacturer: Genymotion, deviceModel: Google Pixel 2 XL - 8.0 - A..., deviceName: 192.168.13.102:5555, deviceScreenDensity: 560, deviceScreenSize: 1440x2880, deviceUDID: 192.168.13.102:5555, javascriptEnabled: true, locationContextEnabled: false, networkConnectionEnabled: true, pixelRatio: 3.5, platform: LINUX, platformName: Android, platformVersion: 8.0.0, statBarHeight: 84, takesScreenshot: true, viewportRect: {height: 2628, left: 0, top: 84, width: 1440}, warnings: {}, webStorageEnabled: false}
Session ID: cf26b231-2d47-480a-bc40-997b9e89c32a
*** Element info: {Using=accessibility id, value=Password}
at org.openqa.selenium.remote.http.W3CHttpResponseCodec.createException(W3CHttpResponseCodec.java:187)
at org.openqa.selenium.remote.http.W3CHttpResponseCodec.decode(W3CHttpResponseCodec.java:122)
at org.openqa.selenium.remote.http.W3CHttpResponseCodec.decode(W3CHttpResponseCodec.java:49)
at org.openqa.selenium.remote.HttpCommandExecutor.execute(HttpCommandExecutor.java:158)
at io.appium.java_client.remote.AppiumCommandExecutor.execute(AppiumCommandExecutor.java:239)
at org.openqa.selenium.remote.RemoteWebDriver.execute(RemoteWebDriver.java:552)
at io.appium.java_client.DefaultGenericMobileDriver.execute(DefaultGenericMobileDriver.java:42)
at io.appium.java_client.AppiumDriver.execute(AppiumDriver.java:1)
at io.appium.java_client.android.AndroidDriver.execute(AndroidDriver.java:1)
at org.openqa.selenium.remote.RemoteWebDriver.findElement(RemoteWebDriver.java:323)
at io.appium.java_client.DefaultGenericMobileDriver.findElement(DefaultGenericMobileDriver.java:62)
at io.appium.java_client.AppiumDriver.findElement(AppiumDriver.java:1)
at io.appium.java_client.android.AndroidDriver.findElement(AndroidDriver.java:1)
at io.appium.java_client.FindsByAccessibilityId.findElementByAccessibilityId(FindsByAccessibilityId.java:37)
at io.appium.java_client.MobileBy$ByAccessibilityId.findElement(MobileBy.java:342)
at org.openqa.selenium.remote.RemoteWebDriver.findElement(RemoteWebDriver.java:315)
at io.appium.java_client.DefaultGenericMobileDriver.findElement(DefaultGenericMobileDriver.java:58)
at io.appium.java_client.AppiumDriver.findElement(AppiumDriver.java:1)
at io.appium.java_client.android.AndroidDriver.findElement(AndroidDriver.java:1)
at org.openqa.selenium.support.ui.ExpectedConditions$7.apply(ExpectedConditions.java:205)
at org.openqa.selenium.support.ui.ExpectedConditions$7.apply(ExpectedConditions.java:201)
at org.openqa.selenium.support.ui.FluentWait.until(FluentWait.java:249)
... 27 more
... Removed 30 stack frames]]>
    </failure>
  </testcase> <!-- aclickLogin -->
</testsuite> <!-- aclickLogin -->
